<?xml version="1.0" encoding="UTF-8"?>
<!-- Generated by org.testng.reporters.JUnitXMLReporter -->
<testsuite ignored="0" hostname="DESKTOP-BFM82UM" failures="0" tests="7" name="FirstTest" time="166.319" errors="0" timestamp="29 Apr 2021 18:06:43 GMT">
  <testcase classname="com.qa.test.LoginPageTest" name="validatePageTitle" time="0.02"/>
  <testcase classname="com.qa.test.HomePageTest" name="validatePageTitle" time="0.039"/>
  <testcase classname="com.qa.test.PIMTest" name="addEmployee" time="6.652"/>
  <testcase classname="com.qa.test.PIMTest" name="addEmployee" time="6.217"/>
  <testcase classname="com.qa.test.LoginPageTest" name="logoValidation" time="0.278"/>
  <testcase classname="com.qa.test.HomePageTest" name="validateUserName" time="0.104"/>
  <testcase classname="com.qa.test.LoginPageTest" name="loginTest" time="26.786"/>
</testsuite> <!-- FirstTest -->
