<?xml version="1.0" encoding="UTF-8"?>
<!-- Generated by org.testng.reporters.JUnitXMLReporter -->
<testsuite ignored="0" hostname="DESKTOP-BFM82UM" failures="0" tests="7" name="FirstTest" time="89.129" errors="0" timestamp="2021-04-29T19:44:19 IST">
  <testcase classname="com.qa.test.LoginPageTest" name="validatePageTitle" time="0.202"/>
  <testcase classname="com.qa.test.LoginPageTest" name="logoValidation" time="0.238"/>
  <testcase classname="com.qa.test.LoginPageTest" name="loginTest" time="3.841"/>
  <testcase classname="com.qa.test.HomePageTest" name="validatePageTitle" time="0.032"/>
  <testcase classname="com.qa.test.HomePageTest" name="validateUserName" time="0.12"/>
  <testcase classname="com.qa.test.PIMTest" name="addEmployee" time="6.476"/>
  <testcase classname="com.qa.test.PIMTest" name="addEmployee" time="6.259"/>
</testsuite> <!-- FirstTest -->
