<?xml version="1.0" encoding="UTF-8"?>
<testng-results ignored="0" total="7" passed="7" failed="0" skipped="0">
  <reporter-output>
  </reporter-output>
  <suite started-at="2021-04-29T18:03:57Z" name="FirstTestSuite" finished-at="2021-04-29T18:06:43Z" duration-ms="166319">
    <groups>
    </groups>
    <test started-at="2021-04-29T18:03:57Z" name="FirstTest" finished-at="2021-04-29T18:06:43Z" duration-ms="166319">
      <class name="com.qa.test.LoginPageTest">
        <test-method is-config="true" signature="setUp()[pri:0, instance:com.qa.test.LoginPageTest@3214ee6]" started-at="2021-04-29T18:03:57Z" name="setUp" finished-at="2021-04-29T18:04:06Z" duration-ms="8833" status="PASS">
          <reporter-output>
          </reporter-output>
        </test-method> <!-- setUp -->
        <test-method signature="validatePageTitle()[pri:1, instance:com.qa.test.LoginPageTest@3214ee6]" started-at="2021-04-29T18:04:06Z" name="validatePageTitle" finished-at="2021-04-29T18:04:06Z" duration-ms="20" status="PASS">
          <reporter-output>
          </reporter-output>
        </test-method> <!-- validatePageTitle -->
        <test-method is-config="true" signature="tearDown()[pri:0, instance:com.qa.test.LoginPageTest@3214ee6]" started-at="2021-04-29T18:04:06Z" name="tearDown" finished-at="2021-04-29T18:04:07Z" duration-ms="1430" status="PASS">
          <reporter-output>
          </reporter-output>
        </test-method> <!-- tearDown -->
        <test-method is-config="true" signature="setUp()[pri:0, instance:com.qa.test.LoginPageTest@3214ee6]" started-at="2021-04-29T18:05:35Z" name="setUp" finished-at="2021-04-29T18:05:50Z" duration-ms="15021" status="PASS">
          <reporter-output>
          </reporter-output>
        </test-method> <!-- setUp -->
        <test-method signature="logoValidation()[pri:2, instance:com.qa.test.LoginPageTest@3214ee6]" started-at="2021-04-29T18:05:50Z" name="logoValidation" finished-at="2021-04-29T18:05:51Z" duration-ms="278" status="PASS">
          <reporter-output>
          </reporter-output>
        </test-method> <!-- logoValidation -->
        <test-method is-config="true" signature="tearDown()[pri:0, instance:com.qa.test.LoginPageTest@3214ee6]" started-at="2021-04-29T18:05:51Z" name="tearDown" finished-at="2021-04-29T18:05:52Z" duration-ms="1225" status="PASS">
          <reporter-output>
          </reporter-output>
        </test-method> <!-- tearDown -->
        <test-method is-config="true" signature="setUp()[pri:0, instance:com.qa.test.LoginPageTest@3214ee6]" started-at="2021-04-29T18:06:06Z" name="setUp" finished-at="2021-04-29T18:06:15Z" duration-ms="8575" status="PASS">
          <reporter-output>
          </reporter-output>
        </test-method> <!-- setUp -->
        <test-method signature="loginTest()[pri:3, instance:com.qa.test.LoginPageTest@3214ee6]" started-at="2021-04-29T18:06:15Z" name="loginTest" finished-at="2021-04-29T18:06:42Z" duration-ms="26786" status="PASS">
          <reporter-output>
          </reporter-output>
        </test-method> <!-- loginTest -->
        <test-method is-config="true" signature="tearDown()[pri:0, instance:com.qa.test.LoginPageTest@3214ee6]" started-at="2021-04-29T18:06:42Z" name="tearDown" finished-at="2021-04-29T18:06:43Z" duration-ms="1653" status="PASS">
          <reporter-output>
          </reporter-output>
        </test-method> <!-- tearDown -->
      </class> <!-- com.qa.test.LoginPageTest -->
      <class name="com.qa.test.HomePageTest">
        <test-method is-config="true" signature="setUp()[pri:0, instance:com.qa.test.HomePageTest@383dc82c]" started-at="2021-04-29T18:04:07Z" name="setUp" finished-at="2021-04-29T18:04:20Z" duration-ms="12365" status="PASS">
          <reporter-output>
          </reporter-output>
        </test-method> <!-- setUp -->
        <test-method signature="validatePageTitle()[pri:1, instance:com.qa.test.HomePageTest@383dc82c]" started-at="2021-04-29T18:04:20Z" name="validatePageTitle" finished-at="2021-04-29T18:04:20Z" duration-ms="39" status="PASS">
          <reporter-output>
          </reporter-output>
        </test-method> <!-- validatePageTitle -->
        <test-method is-config="true" signature="tearDown()[pri:0, instance:com.qa.test.HomePageTest@383dc82c]" started-at="2021-04-29T18:04:20Z" name="tearDown" finished-at="2021-04-29T18:04:21Z" duration-ms="1187" status="PASS">
          <reporter-output>
          </reporter-output>
        </test-method> <!-- tearDown -->
        <test-method is-config="true" signature="setUp()[pri:0, instance:com.qa.test.HomePageTest@383dc82c]" started-at="2021-04-29T18:05:52Z" name="setUp" finished-at="2021-04-29T18:06:05Z" duration-ms="13049" status="PASS">
          <reporter-output>
          </reporter-output>
        </test-method> <!-- setUp -->
        <test-method signature="validateUserName()[pri:2, instance:com.qa.test.HomePageTest@383dc82c]" started-at="2021-04-29T18:06:05Z" name="validateUserName" finished-at="2021-04-29T18:06:05Z" duration-ms="104" status="PASS">
          <reporter-output>
          </reporter-output>
        </test-method> <!-- validateUserName -->
        <test-method is-config="true" signature="tearDown()[pri:0, instance:com.qa.test.HomePageTest@383dc82c]" started-at="2021-04-29T18:06:05Z" name="tearDown" finished-at="2021-04-29T18:06:06Z" duration-ms="1384" status="PASS">
          <reporter-output>
          </reporter-output>
        </test-method> <!-- tearDown -->
      </class> <!-- com.qa.test.HomePageTest -->
      <class name="com.qa.test.PIMTest">
        <test-method is-config="true" signature="setUp()[pri:0, instance:com.qa.test.PIMTest@4a07d605]" started-at="2021-04-29T18:04:23Z" name="setUp" finished-at="2021-04-29T18:04:33Z" duration-ms="10592" status="PASS">
          <reporter-output>
          </reporter-output>
        </test-method> <!-- setUp -->
        <test-method signature="addEmployee(java.lang.String, java.lang.String, java.lang.String, java.lang.String)[pri:1, instance:com.qa.test.PIMTest@4a07d605]" started-at="2021-04-29T18:04:33Z" name="addEmployee" data-provider="getEmpTestData" finished-at="2021-04-29T18:04:40Z" duration-ms="6652" status="PASS">
          <params>
            <param index="0">
              <value>
                <![CDATA[fName]]>
              </value>
            </param>
            <param index="1">
              <value>
                <![CDATA[mName]]>
              </value>
            </param>
            <param index="2">
              <value>
                <![CDATA[lName]]>
              </value>
            </param>
            <param index="3">
              <value>
                <![CDATA[empID]]>
              </value>
            </param>
          </params>
          <reporter-output>
          </reporter-output>
        </test-method> <!-- addEmployee -->
        <test-method is-config="true" signature="tearDown()[pri:0, instance:com.qa.test.PIMTest@4a07d605]" started-at="2021-04-29T18:04:40Z" name="tearDown" finished-at="2021-04-29T18:04:42Z" duration-ms="1804" status="PASS">
          <reporter-output>
          </reporter-output>
        </test-method> <!-- tearDown -->
        <test-method is-config="true" signature="setUp()[pri:0, instance:com.qa.test.PIMTest@4a07d605]" started-at="2021-04-29T18:04:42Z" name="setUp" finished-at="2021-04-29T18:05:28Z" duration-ms="46510" status="PASS">
          <reporter-output>
          </reporter-output>
        </test-method> <!-- setUp -->
        <test-method signature="addEmployee(java.lang.String, java.lang.String, java.lang.String, java.lang.String)[pri:1, instance:com.qa.test.PIMTest@4a07d605]" started-at="2021-04-29T18:05:28Z" name="addEmployee" data-provider="getEmpTestData" finished-at="2021-04-29T18:05:34Z" duration-ms="6217" status="PASS">
          <params>
            <param index="0">
              <value>
                <![CDATA[Ram]]>
              </value>
            </param>
            <param index="1">
              <value>
                <![CDATA[Lal]]>
              </value>
            </param>
            <param index="2">
              <value>
                <![CDATA[Gangwar]]>
              </value>
            </param>
            <param index="3">
              <value>
                <![CDATA[10005.0]]>
              </value>
            </param>
          </params>
          <reporter-output>
          </reporter-output>
        </test-method> <!-- addEmployee -->
        <test-method is-config="true" signature="tearDown()[pri:0, instance:com.qa.test.PIMTest@4a07d605]" started-at="2021-04-29T18:05:34Z" name="tearDown" finished-at="2021-04-29T18:05:35Z" duration-ms="1000" status="PASS">
          <reporter-output>
          </reporter-output>
        </test-method> <!-- tearDown -->
      </class> <!-- com.qa.test.PIMTest -->
    </test> <!-- FirstTest -->
  </suite> <!-- FirstTestSuite -->
</testng-results>
