<?xml version="1.0" encoding="UTF-8"?>
<testng-results ignored="0" total="7" passed="7" failed="0" skipped="0">
  <reporter-output>
  </reporter-output>
  <suite started-at="2021-04-29T19:42:49 IST" name="FirstTestSuite" finished-at="2021-04-29T19:44:18 IST" duration-ms="89129">
    <groups>
    </groups>
    <test started-at="2021-04-29T19:42:49 IST" name="FirstTest" finished-at="2021-04-29T19:44:18 IST" duration-ms="89129">
      <class name="com.qa.test.LoginPageTest">
        <test-method is-config="true" signature="setUp()[pri:0, instance:com.qa.test.LoginPageTest@5136d012]" started-at="2021-04-29T19:42:49 IST" name="setUp" finished-at="2021-04-29T19:43:00 IST" duration-ms="10150" status="PASS">
          <reporter-output>
          </reporter-output>
        </test-method> <!-- setUp -->
        <test-method signature="validatePageTitle()[pri:1, instance:com.qa.test.LoginPageTest@5136d012]" started-at="2021-04-29T19:43:00 IST" name="validatePageTitle" finished-at="2021-04-29T19:43:00 IST" duration-ms="202" status="PASS">
          <reporter-output>
          </reporter-output>
        </test-method> <!-- validatePageTitle -->
        <test-method is-config="true" signature="tearDown()[pri:0, instance:com.qa.test.LoginPageTest@5136d012]" started-at="2021-04-29T19:43:00 IST" name="tearDown" finished-at="2021-04-29T19:43:01 IST" duration-ms="1122" status="PASS">
          <reporter-output>
          </reporter-output>
        </test-method> <!-- tearDown -->
        <test-method is-config="true" signature="setUp()[pri:0, instance:com.qa.test.LoginPageTest@5136d012]" started-at="2021-04-29T19:43:01 IST" name="setUp" finished-at="2021-04-29T19:43:07 IST" duration-ms="6218" status="PASS">
          <reporter-output>
          </reporter-output>
        </test-method> <!-- setUp -->
        <test-method signature="logoValidation()[pri:2, instance:com.qa.test.LoginPageTest@5136d012]" started-at="2021-04-29T19:43:07 IST" name="logoValidation" finished-at="2021-04-29T19:43:07 IST" duration-ms="238" status="PASS">
          <reporter-output>
          </reporter-output>
        </test-method> <!-- logoValidation -->
        <test-method is-config="true" signature="tearDown()[pri:0, instance:com.qa.test.LoginPageTest@5136d012]" started-at="2021-04-29T19:43:07 IST" name="tearDown" finished-at="2021-04-29T19:43:08 IST" duration-ms="1091" status="PASS">
          <reporter-output>
          </reporter-output>
        </test-method> <!-- tearDown -->
        <test-method is-config="true" signature="setUp()[pri:0, instance:com.qa.test.LoginPageTest@5136d012]" started-at="2021-04-29T19:43:08 IST" name="setUp" finished-at="2021-04-29T19:43:15 IST" duration-ms="6159" status="PASS">
          <reporter-output>
          </reporter-output>
        </test-method> <!-- setUp -->
        <test-method signature="loginTest()[pri:3, instance:com.qa.test.LoginPageTest@5136d012]" started-at="2021-04-29T19:43:15 IST" name="loginTest" finished-at="2021-04-29T19:43:18 IST" duration-ms="3841" status="PASS">
          <reporter-output>
          </reporter-output>
        </test-method> <!-- loginTest -->
        <test-method is-config="true" signature="tearDown()[pri:0, instance:com.qa.test.LoginPageTest@5136d012]" started-at="2021-04-29T19:43:18 IST" name="tearDown" finished-at="2021-04-29T19:43:20 IST" duration-ms="1108" status="PASS">
          <reporter-output>
          </reporter-output>
        </test-method> <!-- tearDown -->
      </class> <!-- com.qa.test.LoginPageTest -->
      <class name="com.qa.test.HomePageTest">
        <test-method is-config="true" signature="setUp()[pri:0, instance:com.qa.test.HomePageTest@5939a379]" started-at="2021-04-29T19:43:20 IST" name="setUp" finished-at="2021-04-29T19:43:29 IST" duration-ms="9773" status="PASS">
          <reporter-output>
          </reporter-output>
        </test-method> <!-- setUp -->
        <test-method signature="validatePageTitle()[pri:1, instance:com.qa.test.HomePageTest@5939a379]" started-at="2021-04-29T19:43:29 IST" name="validatePageTitle" finished-at="2021-04-29T19:43:29 IST" duration-ms="32" status="PASS">
          <reporter-output>
          </reporter-output>
        </test-method> <!-- validatePageTitle -->
        <test-method is-config="true" signature="tearDown()[pri:0, instance:com.qa.test.HomePageTest@5939a379]" started-at="2021-04-29T19:43:29 IST" name="tearDown" finished-at="2021-04-29T19:43:31 IST" duration-ms="1105" status="PASS">
          <reporter-output>
          </reporter-output>
        </test-method> <!-- tearDown -->
        <test-method is-config="true" signature="setUp()[pri:0, instance:com.qa.test.HomePageTest@5939a379]" started-at="2021-04-29T19:43:31 IST" name="setUp" finished-at="2021-04-29T19:43:41 IST" duration-ms="10454" status="PASS">
          <reporter-output>
          </reporter-output>
        </test-method> <!-- setUp -->
        <test-method signature="validateUserName()[pri:2, instance:com.qa.test.HomePageTest@5939a379]" started-at="2021-04-29T19:43:41 IST" name="validateUserName" finished-at="2021-04-29T19:43:41 IST" duration-ms="120" status="PASS">
          <reporter-output>
          </reporter-output>
        </test-method> <!-- validateUserName -->
        <test-method is-config="true" signature="tearDown()[pri:0, instance:com.qa.test.HomePageTest@5939a379]" started-at="2021-04-29T19:43:41 IST" name="tearDown" finished-at="2021-04-29T19:43:42 IST" duration-ms="1052" status="PASS">
          <reporter-output>
          </reporter-output>
        </test-method> <!-- tearDown -->
      </class> <!-- com.qa.test.HomePageTest -->
      <class name="com.qa.test.PIMTest">
        <test-method is-config="true" signature="setUp()[pri:0, instance:com.qa.test.PIMTest@e1de817]" started-at="2021-04-29T19:43:43 IST" name="setUp" finished-at="2021-04-29T19:43:53 IST" duration-ms="9700" status="PASS">
          <reporter-output>
          </reporter-output>
        </test-method> <!-- setUp -->
        <test-method signature="addEmployee(java.lang.String, java.lang.String, java.lang.String, java.lang.String)[pri:1, instance:com.qa.test.PIMTest@e1de817]" started-at="2021-04-29T19:43:53 IST" name="addEmployee" data-provider="getEmpTestData" finished-at="2021-04-29T19:44:00 IST" duration-ms="6476" status="PASS">
          <params>
            <param index="0">
              <value>
                <![CDATA[fName]]>
              </value>
            </param>
            <param index="1">
              <value>
                <![CDATA[mName]]>
              </value>
            </param>
            <param index="2">
              <value>
                <![CDATA[lName]]>
              </value>
            </param>
            <param index="3">
              <value>
                <![CDATA[empID]]>
              </value>
            </param>
          </params>
          <reporter-output>
          </reporter-output>
        </test-method> <!-- addEmployee -->
        <test-method is-config="true" signature="tearDown()[pri:0, instance:com.qa.test.PIMTest@e1de817]" started-at="2021-04-29T19:44:00 IST" name="tearDown" finished-at="2021-04-29T19:44:01 IST" duration-ms="1083" status="PASS">
          <reporter-output>
          </reporter-output>
        </test-method> <!-- tearDown -->
        <test-method is-config="true" signature="setUp()[pri:0, instance:com.qa.test.PIMTest@e1de817]" started-at="2021-04-29T19:44:01 IST" name="setUp" finished-at="2021-04-29T19:44:11 IST" duration-ms="10075" status="PASS">
          <reporter-output>
          </reporter-output>
        </test-method> <!-- setUp -->
        <test-method signature="addEmployee(java.lang.String, java.lang.String, java.lang.String, java.lang.String)[pri:1, instance:com.qa.test.PIMTest@e1de817]" started-at="2021-04-29T19:44:11 IST" name="addEmployee" data-provider="getEmpTestData" finished-at="2021-04-29T19:44:17 IST" duration-ms="6259" status="PASS">
          <params>
            <param index="0">
              <value>
                <![CDATA[Ram]]>
              </value>
            </param>
            <param index="1">
              <value>
                <![CDATA[Lal]]>
              </value>
            </param>
            <param index="2">
              <value>
                <![CDATA[Gangwar]]>
              </value>
            </param>
            <param index="3">
              <value>
                <![CDATA[10005.0]]>
              </value>
            </param>
          </params>
          <reporter-output>
          </reporter-output>
        </test-method> <!-- addEmployee -->
        <test-method is-config="true" signature="tearDown()[pri:0, instance:com.qa.test.PIMTest@e1de817]" started-at="2021-04-29T19:44:17 IST" name="tearDown" finished-at="2021-04-29T19:44:18 IST" duration-ms="1394" status="PASS">
          <reporter-output>
          </reporter-output>
        </test-method> <!-- tearDown -->
      </class> <!-- com.qa.test.PIMTest -->
    </test> <!-- FirstTest -->
  </suite> <!-- FirstTestSuite -->
</testng-results>
